<?xml version="1.0" encoding="UTF-8"?>
<testng-results ignored="0" total="1" passed="1" failed="0" skipped="0">
  <reporter-output>
  </reporter-output>
  <suite started-at="2024-07-18T09:02:00Z" name="Default suite" finished-at="2024-07-18T09:02:17Z" duration-ms="17564">
    <groups>
    </groups>
    <test started-at="2024-07-18T09:02:00Z" name="Default test" finished-at="2024-07-18T09:02:17Z" duration-ms="17564">
      <class name="com.jasmine.tests.LoginTest">
        <test-method is-config="true" signature="startBrowser()[pri:0, instance:com.jasmine.tests.LoginTest@2796aeae]" started-at="2024-07-18T15:01:58Z" name="startBrowser" finished-at="2024-07-18T15:02:00Z" duration-ms="1345" status="PASS">
          <reporter-output>
          </reporter-output>
        </test-method> <!-- startBrowser -->
        <test-method is-config="true" signature="OpenURL()[pri:0, instance:com.jasmine.tests.LoginTest@2796aeae]" started-at="2024-07-18T15:02:00Z" name="OpenURL" finished-at="2024-07-18T15:02:08Z" duration-ms="8512" status="PASS">
          <reporter-output>
          </reporter-output>
        </test-method> <!-- OpenURL -->
        <test-method signature="loginToShop()[pri:0, instance:com.jasmine.tests.LoginTest@2796aeae]" started-at="2024-07-18T15:02:08Z" name="loginToShop" finished-at="2024-07-18T15:02:17Z" duration-ms="8776" status="PASS">
          <reporter-output>
          </reporter-output>
        </test-method> <!-- loginToShop -->
        <test-method is-config="true" signature="report()[pri:0, instance:com.jasmine.tests.LoginTest@2796aeae]" started-at="2024-07-18T15:02:17Z" name="report" finished-at="2024-07-18T15:02:17Z" duration-ms="266" status="PASS">
          <reporter-output>
          </reporter-output>
        </test-method> <!-- report -->
        <test-method is-config="true" signature="CloseBrowser()[pri:0, instance:com.jasmine.tests.LoginTest@2796aeae]" started-at="2024-07-18T15:02:17Z" name="CloseBrowser" finished-at="2024-07-18T15:02:18Z" duration-ms="122" status="PASS">
          <reporter-output>
          </reporter-output>
        </test-method> <!-- CloseBrowser -->
      </class> <!-- com.jasmine.tests.LoginTest -->
    </test> <!-- Default test -->
  </suite> <!-- Default suite -->
</testng-results>
